C:\Program Files\Microsoft Visual Studio\2022\Community\MSBuild\Microsoft\VC\v170\Microsoft.CppBuild.targets(503,5): warning MSB8004: каталог Output заканчивается не косой чертой.  Этот экземпляр сборки добавит косую черту, поскольку она необходима для правильного определения каталога Output.
  replaceText.cpp
  replaceText.vcxproj -> F:\IPS\OOP\project\lab1\replaceText\replaceText.exe
  Сравнение файлов C:\USERS\GIVADI\APPDATA\LOCAL\TEMP\result.txt и PREPARED_TESTS\INVALID_ARGS_RESULT_PREPARED.TXT
  FC: различия не найдены
  
  Сравнение файлов C:\USERS\GIVADI\APPDATA\LOCAL\TEMP\result.txt и PREPARED_TESTS\ONE_LINE_WORD_RESULT_PREPARED.TXT
  FC: различия не найдены
  
  Сравнение файлов C:\USERS\GIVADI\APPDATA\LOCAL\TEMP\result.txt и PREPARED_TESTS\ONE_LINE_STRING_RESULT_PREPARED.TXT
  FC: различия не найдены
  
  Сравнение файлов C:\USERS\GIVADI\APPDATA\LOCAL\TEMP\result.txt и PREPARED_TESTS\ONE_LINE_NUMBERS_RESULT_PREPARED.TXT
  FC: различия не найдены
  
  Сравнение файлов C:\USERS\GIVADI\APPDATA\LOCAL\TEMP\result.txt и PREPARED_TESTS\ONE_LINE_EMPTY_STRING_RESULT_PREPARED.TXT
  FC: различия не найдены
  
  Сравнение файлов C:\USERS\GIVADI\APPDATA\LOCAL\TEMP\result.txt и PREPARED_TESTS\ONE_LINE_WITH_EMPTY_STRING_RESULT_PREPARED.TXT
  FC: различия не найдены
  
  Сравнение файлов C:\USERS\GIVADI\APPDATA\LOCAL\TEMP\result.txt и PREPARED_TESTS\MULTILINE_WORD_RESULT_PREPARED.TXT
  FC: различия не найдены
  
  Сравнение файлов C:\USERS\GIVADI\APPDATA\LOCAL\TEMP\result.txt и PREPARED_TESTS\MULTILINE_STRING_RESULT_PREPARED.TXT
  FC: различия не найдены
  
  Сравнение файлов C:\USERS\GIVADI\APPDATA\LOCAL\TEMP\result.txt и PREPARED_TESTS\MULTILINE_EMPTY_STRING_RESULT_PREPARED.TXT
  FC: различия не найдены
  
  Сравнение файлов C:\USERS\GIVADI\APPDATA\LOCAL\TEMP\result.txt и PREPARED_TESTS\MULTILINE_WITH_EMPTY_STRING_RESULT_PREPARED.TXT
  FC: различия не найдены
  
  Сравнение файлов C:\USERS\GIVADI\APPDATA\LOCAL\TEMP\result.txt и PREPARED_TESTS\LARGE_FILE_WORD_RESULT_PREPARED.TXT
  FC: различия не найдены
  
  Сравнение файлов C:\USERS\GIVADI\APPDATA\LOCAL\TEMP\result.txt и PREPARED_TESTS\LARGE_FILE_STRING_RESULT_PREPARED.TXT
  FC: различия не найдены
  
  Сравнение файлов C:\USERS\GIVADI\APPDATA\LOCAL\TEMP\result.txt и PREPARED_TESTS\EMPTY_FILE_RESULT_PREPARED.TXT
  FC: различия не найдены
  
  Program testing succeeded
